Compiled jquery.js  (43ms)  (pid 9827)
Compiled jquery_ujs.js  (0ms)  (pid 9827)
Compiled bootstrap-transition.js  (0ms)  (pid 9827)
Compiled bootstrap-affix.js  (0ms)  (pid 9827)
Compiled bootstrap-alert.js  (0ms)  (pid 9827)
Compiled bootstrap-button.js  (0ms)  (pid 9827)
Compiled bootstrap-carousel.js  (0ms)  (pid 9827)
Compiled bootstrap-collapse.js  (0ms)  (pid 9827)
Compiled bootstrap-dropdown.js  (0ms)  (pid 9827)
Compiled bootstrap-modal.js  (0ms)  (pid 9827)
Compiled bootstrap-scrollspy.js  (0ms)  (pid 9827)
Compiled bootstrap-tab.js  (0ms)  (pid 9827)
Compiled bootstrap-tooltip.js  (0ms)  (pid 9827)
Compiled bootstrap-popover.js  (0ms)  (pid 9827)
Compiled bootstrap-typeahead.js  (0ms)  (pid 9827)
Compiled bootstrap.js  (218ms)  (pid 9827)
Compiled application.js  (307ms)  (pid 9827)
Compiled bootstrap_and_overrides.css  (6184ms)  (pid 9827)
Compiled application.css  (6203ms)  (pid 9827)
Compiled jquery.js  (43ms)  (pid 9827)
Compiled jquery_ujs.js  (0ms)  (pid 9827)
Compiled bootstrap-transition.js  (0ms)  (pid 9827)
Compiled bootstrap-affix.js  (0ms)  (pid 9827)
Compiled bootstrap-alert.js  (0ms)  (pid 9827)
Compiled bootstrap-button.js  (0ms)  (pid 9827)
Compiled bootstrap-carousel.js  (0ms)  (pid 9827)
Compiled bootstrap-collapse.js  (0ms)  (pid 9827)
Compiled bootstrap-dropdown.js  (0ms)  (pid 9827)
Compiled bootstrap-modal.js  (0ms)  (pid 9827)
Compiled bootstrap-scrollspy.js  (0ms)  (pid 9827)
Compiled bootstrap-tab.js  (0ms)  (pid 9827)
Compiled bootstrap-tooltip.js  (0ms)  (pid 9827)
Compiled bootstrap-popover.js  (0ms)  (pid 9827)
Compiled bootstrap-typeahead.js  (0ms)  (pid 9827)
Compiled bootstrap.js  (215ms)  (pid 9827)
Compiled application.js  (303ms)  (pid 9827)
Compiled bootstrap_and_overrides.css  (6115ms)  (pid 9827)
Compiled application.css  (6134ms)  (pid 9827)
Compiled jquery.js  (4ms)  (pid 2275)
Compiled jquery_ujs.js  (0ms)  (pid 2275)
Compiled bootstrap-transition.js  (0ms)  (pid 2275)
Compiled bootstrap-affix.js  (1ms)  (pid 2275)
Compiled bootstrap-alert.js  (0ms)  (pid 2275)
Compiled bootstrap-button.js  (0ms)  (pid 2275)
Compiled bootstrap-carousel.js  (0ms)  (pid 2275)
Compiled bootstrap-collapse.js  (0ms)  (pid 2275)
Compiled bootstrap-dropdown.js  (0ms)  (pid 2275)
Compiled bootstrap-modal.js  (0ms)  (pid 2275)
Compiled bootstrap-scrollspy.js  (0ms)  (pid 2275)
Compiled bootstrap-tab.js  (0ms)  (pid 2275)
Compiled bootstrap-tooltip.js  (0ms)  (pid 2275)
Compiled bootstrap-popover.js  (0ms)  (pid 2275)
Compiled bootstrap-typeahead.js  (0ms)  (pid 2275)
Compiled bootstrap.js  (273ms)  (pid 2275)
Compiled holder.js  (0ms)  (pid 2275)
Compiled application.js  (337ms)  (pid 2275)
Compiled bootstrap_and_overrides.css  (6101ms)  (pid 2275)
Compiled application.css  (6120ms)  (pid 2275)
Compiled jquery.js  (4ms)  (pid 2275)
Compiled jquery_ujs.js  (0ms)  (pid 2275)
Compiled bootstrap-transition.js  (0ms)  (pid 2275)
Compiled bootstrap-affix.js  (0ms)  (pid 2275)
Compiled bootstrap-alert.js  (0ms)  (pid 2275)
Compiled bootstrap-button.js  (0ms)  (pid 2275)
Compiled bootstrap-carousel.js  (0ms)  (pid 2275)
Compiled bootstrap-collapse.js  (0ms)  (pid 2275)
Compiled bootstrap-dropdown.js  (0ms)  (pid 2275)
Compiled bootstrap-modal.js  (1ms)  (pid 2275)
Compiled bootstrap-scrollspy.js  (0ms)  (pid 2275)
Compiled bootstrap-tab.js  (0ms)  (pid 2275)
Compiled bootstrap-tooltip.js  (0ms)  (pid 2275)
Compiled bootstrap-popover.js  (0ms)  (pid 2275)
Compiled bootstrap-typeahead.js  (0ms)  (pid 2275)
Compiled bootstrap.js  (267ms)  (pid 2275)
Compiled holder.js  (0ms)  (pid 2275)
Compiled application.js  (329ms)  (pid 2275)
Compiled bootstrap_and_overrides.css  (6160ms)  (pid 2275)
Compiled application.css  (6179ms)  (pid 2275)
